<!DOCTYPE html PUBLIC "-//W3C//DTD XHTML 1.1//EN" "https://www.w3.org/TR/xhtml11/DTD/xhtml11.dtd">
<html xmlns="https://www.w3.org/1999/xhtml">
<head>
<meta http-equiv="content-type" content="text/html; charset=UTF-8"/>
<title>TestNG Report</title>
<style type="text/css">table {margin-bottom:10px;border-collapse:collapse;empty-cells:show}th,td {border:1px solid #009;padding:.25em .5em}th {vertical-align:bottom}td {vertical-align:top}table a {font-weight:bold}.stripe td {background-color: #E6EBF9}.num {text-align:right}.passedodd td {background-color: #3F3}.passedeven td {background-color: #0A0}.skippedodd td {background-color: #DDD}.skippedeven td {background-color: #CCC}.failedodd td,.attn {background-color: #F33}.failedeven td,.stripe .attn {background-color: #D00}.stacktrace {white-space:pre;font-family:monospace}.totop {font-size:85%;text-align:center;border-bottom:2px solid #000}.invisible {display:none}</style>
</head>
<body>
<table>
<tr><th>Test</th><th># Passed</th><th># Skipped</th><th># Retried</th><th># Failed</th><th>Time (ms)</th><th>Included Groups</th><th>Excluded Groups</th></tr>
<tr><th colspan="8">Suite</th></tr>
<tr><td><a href="#t0">Test</a></td><td class="num">4</td><td class="num">0</td><td class="num">0</td><td class="num attn">2</td><td class="num">180,853</td><td></td><td></td></tr>
</table>
<table id='summary'><thead><tr><th>Class</th><th>Method</th><th>Start</th><th>Time (ms)</th></tr></thead><tbody><tr><th colspan="4">Suite</th></tr></tbody><tbody id="t0"><tr><th colspan="4">Test &#8212; failed</th></tr><tr class="failedeven"><td rowspan="1">VTriger_Scripts.Script2</td><td><a href="#m0">script2</a></td><td rowspan="1">1720952398161</td><td rowspan="1">11962</td></tr><tr class="failedodd"><td rowspan="1">VTriger_Scripts.Script3</td><td><a href="#m1">script3</a></td><td rowspan="1">1720952307902</td><td rowspan="1">32327</td></tr><tr><th colspan="4">Test &#8212; passed</th></tr><tr class="passedeven"><td rowspan="1">VTriger_Scripts.Script1</td><td><a href="#m2">script6</a></td><td rowspan="1">1720952424391</td><td rowspan="1">6936</td></tr><tr class="passedodd"><td rowspan="1">VTriger_Scripts.Script4</td><td><a href="#m3">script4</a></td><td rowspan="1">1720952266260</td><td rowspan="1">25570</td></tr><tr class="passedeven"><td rowspan="1">VTriger_Scripts.Script5</td><td><a href="#m4">script5</a></td><td rowspan="1">1720952376914</td><td rowspan="1">6636</td></tr><tr class="passedodd"><td rowspan="1">VTriger_Scripts.Script6</td><td><a href="#m5">script6</a></td><td rowspan="1">1720952355984</td><td rowspan="1">4279</td></tr></tbody>
</table>
<h2>Test</h2><h3 id="m0">VTriger_Scripts.Script2#script2</h3><table class="result"><tr><th>Messages</th></tr><tr><td><div class="messages">Test case started: <br/>Test case Failed: script2</div></td></tr><tr><th>Exception</th></tr><tr><td><div class="stacktrace">java.lang.AssertionError: title not matched expected [test] but found [Administrator - Organizations - vtiger CRM 5 - Commercial Open Source CRM]
	at VTriger_Scripts.Script2.script2(Script2.java:25)
	at java.base/java.util.ArrayList.forEach(ArrayList.java:1511)
... Removed 32 stack frames</div></td></tr></table><p class="totop"><a href="#summary">back to summary</a></p>
<h3 id="m1">VTriger_Scripts.Script3#script3</h3><table class="result"><tr><th>Messages</th></tr><tr><td><div class="messages">Test case started: <br/>Test case Failed: script3</div></td></tr><tr><th>Exception</th></tr><tr><td><div class="stacktrace">org.openqa.selenium.NoSuchElementException: no such element: Unable to locate element: {&quot;method&quot;:&quot;xpath&quot;,&quot;selector&quot;:&quot;//input[@title=&apos; Save [Alt+S]&apos;]&quot;}
  (Session info: chrome=126.0.6478.127)
For documentation on this error, please visit: https://www.selenium.dev/documentation/webdriver/troubleshooting/errors#no-such-element-exception
Build info: version: &apos;4.12.0&apos;, revision: &apos;249f2a7d1b*&apos;
System info: os.name: &apos;Windows 11&apos;, os.arch: &apos;amd64&apos;, os.version: &apos;10.0&apos;, java.version: &apos;17.0.5&apos;
Driver info: org.openqa.selenium.chrome.ChromeDriver
Command: [233be08cce1f94a7b9bfa162604ce31d, findElement {using=xpath, value=//input[@title=&apos; Save [Alt+S]&apos;]}]
Capabilities {acceptInsecureCerts: false, browserName: chrome, browserVersion: 126.0.6478.127, chrome: {chromedriverVersion: 126.0.6478.126 (d36ace6122e..., userDataDir: C:\Users\RAGHAV~1\AppData\L...}, fedcm:accounts: true, goog:chromeOptions: {debuggerAddress: localhost:51932}, networkConnectionEnabled: false, pageLoadStrategy: normal, platformName: windows, proxy: Proxy(), se:cdp: ws://localhost:51932/devtoo..., se:cdpVersion: 126.0.6478.127, setWindowRect: true, strictFileInteractability: false, timeouts: {implicit: 0, pageLoad: 300000, script: 30000}, unhandledPromptBehavior: dismiss and notify, webauthn:extension:credBlob: true, webauthn:extension:largeBlob: true, webauthn:extension:minPinLength: true, webauthn:extension:prf: true, webauthn:virtualAuthenticators: true}
Session ID: 233be08cce1f94a7b9bfa162604ce31d
	at org.openqa.selenium.remote.codec.w3c.W3CHttpResponseCodec.createException(W3CHttpResponseCodec.java:200)
	at org.openqa.selenium.remote.codec.w3c.W3CHttpResponseCodec.decode(W3CHttpResponseCodec.java:133)
	at org.openqa.selenium.remote.codec.w3c.W3CHttpResponseCodec.decode(W3CHttpResponseCodec.java:52)
	at org.openqa.selenium.remote.HttpCommandExecutor.execute(HttpCommandExecutor.java:191)
	at org.openqa.selenium.remote.service.DriverCommandExecutor.invokeExecute(DriverCommandExecutor.java:196)
	at org.openqa.selenium.remote.service.DriverCommandExecutor.execute(DriverCommandExecutor.java:171)
	at org.openqa.selenium.remote.RemoteWebDriver.execute(RemoteWebDriver.java:602)
	at org.openqa.selenium.remote.ElementLocation$ElementFinder$2.findElement(ElementLocation.java:165)
	at org.openqa.selenium.remote.ElementLocation.findElement(ElementLocation.java:59)
	at org.openqa.selenium.remote.RemoteWebDriver.findElement(RemoteWebDriver.java:359)
	at org.openqa.selenium.remote.RemoteWebDriver.findElement(RemoteWebDriver.java:353)
	at org.openqa.selenium.support.pagefactory.DefaultElementLocator.findElement(DefaultElementLocator.java:68)
	at org.openqa.selenium.support.pagefactory.internal.LocatingElementHandler.invoke(LocatingElementHandler.java:38)
	at jdk.proxy2/jdk.proxy2.$Proxy24.click(Unknown Source)
	at VTriger_Scripts.Script3.script3(Script3.java:30)
	at java.base/java.util.ArrayList.forEach(ArrayList.java:1511)
... Removed 32 stack frames</div></td></tr></table><p class="totop"><a href="#summary">back to summary</a></p>
<h3 id="m2">VTriger_Scripts.Script1#script6</h3><table class="result"><tr><th>Messages</th></tr><tr><td><div class="messages">Test case started: <br/>Test case Success: <br/>Test case success: script6</div></td></tr></table><p class="totop"><a href="#summary">back to summary</a></p>
<h3 id="m3">VTriger_Scripts.Script4#script4</h3><table class="result"><tr><th>Messages</th></tr><tr><td><div class="messages">Test case started: <br/>Test case Success: <br/>Test case success: script4</div></td></tr></table><p class="totop"><a href="#summary">back to summary</a></p>
<h3 id="m4">VTriger_Scripts.Script5#script5</h3><table class="result"><tr><th>Messages</th></tr><tr><td><div class="messages">Test case started: <br/>Test case Success: <br/>Test case success: script5</div></td></tr></table><p class="totop"><a href="#summary">back to summary</a></p>
<h3 id="m5">VTriger_Scripts.Script6#script6</h3><table class="result"><tr><th>Messages</th></tr><tr><td><div class="messages">Test case started: <br/>Test case Success: <br/>Test case success: script6</div></td></tr></table><p class="totop"><a href="#summary">back to summary</a></p>
</body>
</html>
